<?xml version="1.0" encoding="UTF-8"?>
<!-- Generated by org.testng.reporters.JUnitReportReporter -->
<testsuite hostname="MSI" failures="0" tests="2" name="practiceAuto.DataProviderExel" time="12.115" errors="0" timestamp="2024-12-17T10:49:24 IST" skipped="0">
  <testcase classname="practiceAuto.DataProviderExel" name="search" time="5.698"/>
  <testcase classname="practiceAuto.DataProviderExel" name="search" time="6.417"/>
</testsuite> <!-- practiceAuto.DataProviderExel -->
