<?xml version="1.0" encoding="UTF-8"?>
<!-- Generated by org.testng.reporters.JUnitReportReporter -->
<testsuite hostname="MSI" failures="0" tests="2" name="practiceAuto.dataProv" time="6.288" errors="0" timestamp="2024-12-15T22:14:55 IST" skipped="0">
  <testcase classname="practiceAuto.dataProv" name="googlrSearch" time="2.923"/>
  <testcase classname="practiceAuto.dataProv" name="googlrSearch" time="3.365"/>
</testsuite> <!-- practiceAuto.dataProv -->
