<?xml version="1.0" encoding="UTF-8"?>
<!-- Generated by org.testng.reporters.JUnitReportReporter -->
<testsuite hostname="MSI" failures="0" tests="1" name="day1.child" time="0.014" errors="0" timestamp="2024-12-05T19:19:46 IST" skipped="0">
  <testcase classname="day1.child" name="ert" time="0.014"/>
</testsuite> <!-- day1.child -->
