<?xml version="1.0" encoding="UTF-8"?>
<!-- Generated by org.testng.reporters.JUnitReportReporter -->
<testsuite hostname="MSI" failures="0" tests="1" name="practiceAuto.Exerc" time="9.240" errors="0" timestamp="2024-12-12T17:51:41 IST" skipped="0">
  <testcase classname="practiceAuto.Exerc" name="bght" time="9.240"/>
</testsuite> <!-- practiceAuto.Exerc -->
