<?xml version="1.0" encoding="UTF-8"?>
<!-- Generated by org.testng.reporters.JUnitReportReporter -->
<testsuite hostname="MSI" failures="0" tests="1" name="day1.test1" time="0.008" errors="0" timestamp="2024-12-05T11:09:35 IST" skipped="0">
  <testcase classname="day1.test1" name="Demo" time="0.008"/>
</testsuite> <!-- day1.test1 -->
