<?xml version="1.0" encoding="UTF-8"?>
<!-- Generated by org.testng.reporters.JUnitReportReporter -->
<testsuite hostname="MSI" failures="0" tests="2" name="practiceAuto.DataProviderExel" time="14.149" errors="0" timestamp="2024-12-17T13:15:03 IST" skipped="0">
  <testcase classname="practiceAuto.DataProviderExel" name="search" time="6.048"/>
  <testcase classname="practiceAuto.DataProviderExel" name="search" time="8.101"/>
</testsuite> <!-- practiceAuto.DataProviderExel -->
